<?xml version="1.0" encoding="UTF-8"?>
<testng-results ignored="0" total="1" passed="1" failed="0" skipped="0">
  <reporter-output>
  </reporter-output>
  <suite started-at="2024-11-09T18:52:15 IST" name="Default suite" finished-at="2024-11-09T18:53:00 IST" duration-ms="45436">
    <groups>
      <group name="cucumber">
        <method signature="AbstractTestNGCucumberTests.runScenario(io.cucumber.testng.PickleWrapper,io.cucumber.testng.FeatureWrapper)[pri:0, instance:org.testrunner.TestRunnerClass@4d14b6c2]" name="runScenario" class="io.cucumber.testng.AbstractTestNGCucumberTests"/>
      </group> <!-- cucumber -->
    </groups>
    <test started-at="2024-11-09T18:52:15 IST" name="Default test" finished-at="2024-11-09T18:53:00 IST" duration-ms="45436">
      <class name="org.testrunner.TestRunnerClass">
        <test-method is-config="true" signature="setUpClass(org.testng.ITestContext)[pri:0, instance:org.testrunner.TestRunnerClass@4d14b6c2]" started-at="2024-11-09T18:52:15 IST" name="setUpClass" finished-at="2024-11-09T18:52:15 IST" duration-ms="526" status="PASS">
          <params>
            <param index="0">
              <value>
                <![CDATA[org.testng.TestRunner@3fbe503c]]>
              </value>
            </param>
          </params>
          <reporter-output>
          </reporter-output>
        </test-method> <!-- setUpClass -->
        <test-method signature="runScenario(io.cucumber.testng.PickleWrapper,io.cucumber.testng.FeatureWrapper)[pri:0, instance:org.testrunner.TestRunnerClass@4d14b6c2]" started-at="2024-11-09T18:52:15 IST" name="runScenario" description="Runs Cucumber Scenarios" data-provider="scenarios" finished-at="2024-11-09T18:53:00 IST" duration-ms="44844" status="PASS">
          <params>
            <param index="0">
              <value>
                <![CDATA["Login, Book Hotel, and Cancel Booking"]]>
              </value>
            </param>
            <param index="1">
              <value>
                <![CDATA["Hotel Booking Process on Adactin Hotel App"]]>
              </value>
            </param>
          </params>
          <reporter-output>
          </reporter-output>
        </test-method> <!-- runScenario -->
        <test-method is-config="true" signature="tearDownClass()[pri:0, instance:org.testrunner.TestRunnerClass@4d14b6c2]" started-at="2024-11-09T18:53:00 IST" name="tearDownClass" finished-at="2024-11-09T18:53:00 IST" duration-ms="14" status="PASS">
          <reporter-output>
          </reporter-output>
        </test-method> <!-- tearDownClass -->
      </class> <!-- org.testrunner.TestRunnerClass -->
    </test> <!-- Default test -->
  </suite> <!-- Default suite -->
</testng-results>
